[1.412s] DEBUG:colcon:Command line arguments: ['/usr/bin/colcon', 'build']
[1.412s] DEBUG:colcon:Parsed command line arguments: Namespace(log_base=None, log_level=None, verb_name='build', build_base='build', install_base='install', merge_install=False, symlink_install=False, test_result_base=None, continue_on_error=False, executor='parallel', parallel_workers=4, event_handlers=None, ignore_user_meta=False, metas=['./colcon.meta'], base_paths=['.'], packages_ignore=None, packages_ignore_regex=None, paths=None, packages_up_to=None, packages_up_to_regex=None, packages_above=None, packages_above_and_dependencies=None, packages_above_depth=None, packages_select_by_dep=None, packages_skip_by_dep=None, packages_skip_up_to=None, packages_select_build_failed=False, packages_skip_build_finished=False, packages_select_test_failures=False, packages_skip_test_passed=False, packages_select=None, packages_skip=None, packages_select_regex=None, packages_skip_regex=None, packages_start=None, packages_end=None, allow_overriding=[], cmake_args=None, cmake_target=None, cmake_target_skip_unavailable=False, cmake_clean_cache=False, cmake_clean_first=False, cmake_force_configure=False, ament_cmake_args=None, catkin_cmake_args=None, catkin_skip_building_tests=False, mixin_files=None, mixin=None, verb_parser=<colcon_mixin.mixin.mixin_argument.MixinArgumentDecorator object at 0x71a639c6b500>, verb_extension=<colcon_core.verb.build.BuildVerb object at 0x71a639c152b0>, main=<bound method BuildVerb.main of <colcon_core.verb.build.BuildVerb object at 0x71a639c152b0>>, mixin_verb=('build',))
[1.983s] Level 1:colcon.colcon_core.package_discovery:discover_packages(colcon_meta) check parameters
[1.983s] Level 1:colcon.colcon_core.package_discovery:discover_packages(recursive) check parameters
[1.983s] Level 1:colcon.colcon_core.package_discovery:discover_packages(ignore) check parameters
[1.983s] Level 1:colcon.colcon_core.package_discovery:discover_packages(path) check parameters
[1.984s] Level 1:colcon.colcon_core.package_discovery:discover_packages(colcon_meta) discover
[1.984s] Level 1:colcon.colcon_core.package_discovery:discover_packages(recursive) discover
[1.984s] INFO:colcon.colcon_core.package_discovery:Crawling recursively for packages in '/home/johanito/Documents/ROS2forBeginners-ROS2Jazzy-2025/ros2_ws'
[1.984s] Level 1:colcon.colcon_core.package_identification:_identify(.) by extensions ['ignore', 'ignore_ament_install']
[1.985s] Level 1:colcon.colcon_core.package_identification:_identify(.) by extension 'ignore'
[1.985s] Level 1:colcon.colcon_core.package_identification:_identify(.) by extension 'ignore_ament_install'
[1.985s] Level 1:colcon.colcon_core.package_identification:_identify(.) by extensions ['colcon_pkg']
[1.985s] Level 1:colcon.colcon_core.package_identification:_identify(.) by extension 'colcon_pkg'
[1.986s] Level 1:colcon.colcon_core.package_identification:_identify(.) by extensions ['colcon_meta']
[1.986s] Level 1:colcon.colcon_core.package_identification:_identify(.) by extension 'colcon_meta'
[1.986s] Level 1:colcon.colcon_core.package_identification:_identify(.) by extensions ['ros']
[1.986s] Level 1:colcon.colcon_core.package_identification:_identify(.) by extension 'ros'
[2.123s] Level 1:colcon.colcon_core.package_identification:_identify(.) by extensions ['cmake', 'python']
[2.123s] Level 1:colcon.colcon_core.package_identification:_identify(.) by extension 'cmake'
[2.124s] Level 1:colcon.colcon_core.package_identification:_identify(.) by extension 'python'
[2.124s] Level 1:colcon.colcon_core.package_identification:_identify(.) by extensions ['python_setup_py']
[2.124s] Level 1:colcon.colcon_core.package_identification:_identify(.) by extension 'python_setup_py'
[2.124s] Level 1:colcon.colcon_core.package_identification:_identify(build) by extensions ['ignore', 'ignore_ament_install']
[2.125s] Level 1:colcon.colcon_core.package_identification:_identify(build) by extension 'ignore'
[2.125s] Level 1:colcon.colcon_core.package_identification:_identify(build) ignored
[2.125s] Level 1:colcon.colcon_core.package_identification:_identify(install) by extensions ['ignore', 'ignore_ament_install']
[2.126s] Level 1:colcon.colcon_core.package_identification:_identify(install) by extension 'ignore'
[2.126s] Level 1:colcon.colcon_core.package_identification:_identify(install) ignored
[2.127s] Level 1:colcon.colcon_core.package_identification:_identify(log) by extensions ['ignore', 'ignore_ament_install']
[2.127s] Level 1:colcon.colcon_core.package_identification:_identify(log) by extension 'ignore'
[2.127s] Level 1:colcon.colcon_core.package_identification:_identify(log) ignored
[2.128s] Level 1:colcon.colcon_core.package_identification:_identify(src) by extensions ['ignore', 'ignore_ament_install']
[2.128s] Level 1:colcon.colcon_core.package_identification:_identify(src) by extension 'ignore'
[2.128s] Level 1:colcon.colcon_core.package_identification:_identify(src) by extension 'ignore_ament_install'
[2.129s] Level 1:colcon.colcon_core.package_identification:_identify(src) by extensions ['colcon_pkg']
[2.129s] Level 1:colcon.colcon_core.package_identification:_identify(src) by extension 'colcon_pkg'
[2.129s] Level 1:colcon.colcon_core.package_identification:_identify(src) by extensions ['colcon_meta']
[2.129s] Level 1:colcon.colcon_core.package_identification:_identify(src) by extension 'colcon_meta'
[2.129s] Level 1:colcon.colcon_core.package_identification:_identify(src) by extensions ['ros']
[2.129s] Level 1:colcon.colcon_core.package_identification:_identify(src) by extension 'ros'
[2.130s] Level 1:colcon.colcon_core.package_identification:_identify(src) by extensions ['cmake', 'python']
[2.130s] Level 1:colcon.colcon_core.package_identification:_identify(src) by extension 'cmake'
[2.130s] Level 1:colcon.colcon_core.package_identification:_identify(src) by extension 'python'
[2.130s] Level 1:colcon.colcon_core.package_identification:_identify(src) by extensions ['python_setup_py']
[2.131s] Level 1:colcon.colcon_core.package_identification:_identify(src) by extension 'python_setup_py'
[2.131s] Level 1:colcon.colcon_core.package_identification:_identify(src/my_cpp_pkg) by extensions ['ignore', 'ignore_ament_install']
[2.131s] Level 1:colcon.colcon_core.package_identification:_identify(src/my_cpp_pkg) by extension 'ignore'
[2.132s] Level 1:colcon.colcon_core.package_identification:_identify(src/my_cpp_pkg) by extension 'ignore_ament_install'
[2.132s] Level 1:colcon.colcon_core.package_identification:_identify(src/my_cpp_pkg) by extensions ['colcon_pkg']
[2.132s] Level 1:colcon.colcon_core.package_identification:_identify(src/my_cpp_pkg) by extension 'colcon_pkg'
[2.132s] Level 1:colcon.colcon_core.package_identification:_identify(src/my_cpp_pkg) by extensions ['colcon_meta']
[2.132s] Level 1:colcon.colcon_core.package_identification:_identify(src/my_cpp_pkg) by extension 'colcon_meta'
[2.133s] Level 1:colcon.colcon_core.package_identification:_identify(src/my_cpp_pkg) by extensions ['ros']
[2.133s] Level 1:colcon.colcon_core.package_identification:_identify(src/my_cpp_pkg) by extension 'ros'
[2.205s] DEBUG:colcon.colcon_core.package_identification:Package 'src/my_cpp_pkg' with type 'ros.ament_cmake' and name 'my_cpp_pkg'
[2.206s] Level 1:colcon.colcon_core.package_identification:_identify(src/my_py_pkg) by extensions ['ignore', 'ignore_ament_install']
[2.206s] Level 1:colcon.colcon_core.package_identification:_identify(src/my_py_pkg) by extension 'ignore'
[2.207s] Level 1:colcon.colcon_core.package_identification:_identify(src/my_py_pkg) by extension 'ignore_ament_install'
[2.207s] Level 1:colcon.colcon_core.package_identification:_identify(src/my_py_pkg) by extensions ['colcon_pkg']
[2.208s] Level 1:colcon.colcon_core.package_identification:_identify(src/my_py_pkg) by extension 'colcon_pkg'
[2.208s] Level 1:colcon.colcon_core.package_identification:_identify(src/my_py_pkg) by extensions ['colcon_meta']
[2.208s] Level 1:colcon.colcon_core.package_identification:_identify(src/my_py_pkg) by extension 'colcon_meta'
[2.208s] Level 1:colcon.colcon_core.package_identification:_identify(src/my_py_pkg) by extensions ['ros']
[2.208s] Level 1:colcon.colcon_core.package_identification:_identify(src/my_py_pkg) by extension 'ros'
[2.226s] DEBUG:colcon.colcon_core.package_identification:Package 'src/my_py_pkg' with type 'ros.ament_python' and name 'my_py_pkg'
[2.226s] Level 1:colcon.colcon_core.package_discovery:discover_packages(recursive) using defaults
[2.226s] Level 1:colcon.colcon_core.package_discovery:discover_packages(ignore) discover
[2.226s] Level 1:colcon.colcon_core.package_discovery:discover_packages(ignore) using defaults
[2.227s] Level 1:colcon.colcon_core.package_discovery:discover_packages(path) discover
[2.227s] Level 1:colcon.colcon_core.package_discovery:discover_packages(path) using defaults
[2.618s] Level 1:colcon.colcon_core.package_discovery:discover_packages(prefix_path) check parameters
[2.619s] Level 1:colcon.colcon_core.package_discovery:discover_packages(prefix_path) discover
[2.744s] DEBUG:colcon.colcon_installed_package_information.package_discovery:Found 1 installed packages in /home/johanito/Documents/ROS2forBeginners-ROS2Jazzy-2025/ros2_ws/install
[2.764s] DEBUG:colcon.colcon_installed_package_information.package_discovery:Found 444 installed packages in /opt/ros/jazzy
[2.772s] Level 1:colcon.colcon_core.package_discovery:discover_packages(prefix_path) using defaults
[7.595s] Level 5:colcon.colcon_core.verb:set package 'my_cpp_pkg' build argument 'cmake_args' from command line to 'None'
[7.595s] Level 5:colcon.colcon_core.verb:set package 'my_cpp_pkg' build argument 'cmake_target' from command line to 'None'
[7.595s] Level 5:colcon.colcon_core.verb:set package 'my_cpp_pkg' build argument 'cmake_target_skip_unavailable' from command line to 'False'
[7.595s] Level 5:colcon.colcon_core.verb:set package 'my_cpp_pkg' build argument 'cmake_clean_cache' from command line to 'False'
[7.595s] Level 5:colcon.colcon_core.verb:set package 'my_cpp_pkg' build argument 'cmake_clean_first' from command line to 'False'
[7.596s] Level 5:colcon.colcon_core.verb:set package 'my_cpp_pkg' build argument 'cmake_force_configure' from command line to 'False'
[7.596s] Level 5:colcon.colcon_core.verb:set package 'my_cpp_pkg' build argument 'ament_cmake_args' from command line to 'None'
[7.596s] Level 5:colcon.colcon_core.verb:set package 'my_cpp_pkg' build argument 'catkin_cmake_args' from command line to 'None'
[7.596s] Level 5:colcon.colcon_core.verb:set package 'my_cpp_pkg' build argument 'catkin_skip_building_tests' from command line to 'False'
[7.596s] DEBUG:colcon.colcon_core.verb:Building package 'my_cpp_pkg' with the following arguments: {'ament_cmake_args': None, 'build_base': '/home/johanito/Documents/ROS2forBeginners-ROS2Jazzy-2025/ros2_ws/build/my_cpp_pkg', 'catkin_cmake_args': None, 'catkin_skip_building_tests': False, 'cmake_args': None, 'cmake_clean_cache': False, 'cmake_clean_first': False, 'cmake_force_configure': False, 'cmake_target': None, 'cmake_target_skip_unavailable': False, 'install_base': '/home/johanito/Documents/ROS2forBeginners-ROS2Jazzy-2025/ros2_ws/install/my_cpp_pkg', 'merge_install': False, 'path': '/home/johanito/Documents/ROS2forBeginners-ROS2Jazzy-2025/ros2_ws/src/my_cpp_pkg', 'symlink_install': False, 'test_result_base': None}
[7.597s] Level 5:colcon.colcon_core.verb:set package 'my_py_pkg' build argument 'cmake_args' from command line to 'None'
[7.598s] Level 5:colcon.colcon_core.verb:set package 'my_py_pkg' build argument 'cmake_target' from command line to 'None'
[7.598s] Level 5:colcon.colcon_core.verb:set package 'my_py_pkg' build argument 'cmake_target_skip_unavailable' from command line to 'False'
[7.598s] Level 5:colcon.colcon_core.verb:set package 'my_py_pkg' build argument 'cmake_clean_cache' from command line to 'False'
[7.598s] Level 5:colcon.colcon_core.verb:set package 'my_py_pkg' build argument 'cmake_clean_first' from command line to 'False'
[7.598s] Level 5:colcon.colcon_core.verb:set package 'my_py_pkg' build argument 'cmake_force_configure' from command line to 'False'
[7.598s] Level 5:colcon.colcon_core.verb:set package 'my_py_pkg' build argument 'ament_cmake_args' from command line to 'None'
[7.598s] Level 5:colcon.colcon_core.verb:set package 'my_py_pkg' build argument 'catkin_cmake_args' from command line to 'None'
[7.598s] Level 5:colcon.colcon_core.verb:set package 'my_py_pkg' build argument 'catkin_skip_building_tests' from command line to 'False'
[7.599s] DEBUG:colcon.colcon_core.verb:Building package 'my_py_pkg' with the following arguments: {'ament_cmake_args': None, 'build_base': '/home/johanito/Documents/ROS2forBeginners-ROS2Jazzy-2025/ros2_ws/build/my_py_pkg', 'catkin_cmake_args': None, 'catkin_skip_building_tests': False, 'cmake_args': None, 'cmake_clean_cache': False, 'cmake_clean_first': False, 'cmake_force_configure': False, 'cmake_target': None, 'cmake_target_skip_unavailable': False, 'install_base': '/home/johanito/Documents/ROS2forBeginners-ROS2Jazzy-2025/ros2_ws/install/my_py_pkg', 'merge_install': False, 'path': '/home/johanito/Documents/ROS2forBeginners-ROS2Jazzy-2025/ros2_ws/src/my_py_pkg', 'symlink_install': False, 'test_result_base': None}
[7.599s] INFO:colcon.colcon_core.executor:Executing jobs using 'parallel' executor
[7.602s] DEBUG:colcon.colcon_parallel_executor.executor.parallel:run_until_complete
[7.602s] INFO:colcon.colcon_ros.task.ament_cmake.build:Building ROS package in '/home/johanito/Documents/ROS2forBeginners-ROS2Jazzy-2025/ros2_ws/src/my_cpp_pkg' with build type 'ament_cmake'
[7.603s] INFO:colcon.colcon_cmake.task.cmake.build:Building CMake package in '/home/johanito/Documents/ROS2forBeginners-ROS2Jazzy-2025/ros2_ws/src/my_cpp_pkg'
[7.697s] INFO:colcon.colcon_core.plugin_system:Skipping extension 'colcon_core.shell.bat': Not used on non-Windows systems
[7.698s] INFO:colcon.colcon_core.shell:Skip shell extension 'powershell' for command environment: Not usable outside of PowerShell
[7.699s] DEBUG:colcon.colcon_core.shell:Skip shell extension 'dsv' for command environment
[7.723s] INFO:colcon.colcon_ros.task.ament_python.build:Building ROS package in '/home/johanito/Documents/ROS2forBeginners-ROS2Jazzy-2025/ros2_ws/src/my_py_pkg' with build type 'ament_python'
[7.724s] Level 1:colcon.colcon_core.shell:create_environment_hook('my_py_pkg', 'ament_prefix_path')
[7.725s] INFO:colcon.colcon_core.shell:Creating environment hook '/home/johanito/Documents/ROS2forBeginners-ROS2Jazzy-2025/ros2_ws/install/my_py_pkg/share/my_py_pkg/hook/ament_prefix_path.ps1'
[7.738s] INFO:colcon.colcon_core.shell:Creating environment descriptor '/home/johanito/Documents/ROS2forBeginners-ROS2Jazzy-2025/ros2_ws/install/my_py_pkg/share/my_py_pkg/hook/ament_prefix_path.dsv'
[7.741s] INFO:colcon.colcon_core.shell:Creating environment hook '/home/johanito/Documents/ROS2forBeginners-ROS2Jazzy-2025/ros2_ws/install/my_py_pkg/share/my_py_pkg/hook/ament_prefix_path.sh'
[7.744s] INFO:colcon.colcon_core.shell:Skip shell extension 'powershell' for command environment: Not usable outside of PowerShell
[7.745s] DEBUG:colcon.colcon_core.shell:Skip shell extension 'dsv' for command environment
[7.785s] DEBUG:colcon.colcon_core.event_handler.log_command:Invoking command in '/home/johanito/Documents/ROS2forBeginners-ROS2Jazzy-2025/ros2_ws/build/my_cpp_pkg': CMAKE_PREFIX_PATH=${CMAKE_PREFIX_PATH}:/opt/ros/jazzy DEBUGINFOD_URLS=https://debuginfod.ubuntu.com /usr/bin/cmake /home/johanito/Documents/ROS2forBeginners-ROS2Jazzy-2025/ros2_ws/src/my_cpp_pkg -DCMAKE_INSTALL_PREFIX=/home/johanito/Documents/ROS2forBeginners-ROS2Jazzy-2025/ros2_ws/install/my_cpp_pkg
[9.086s] INFO:colcon.colcon_core.task.python.build:Building Python package in '/home/johanito/Documents/ROS2forBeginners-ROS2Jazzy-2025/ros2_ws/src/my_py_pkg'
[9.087s] INFO:colcon.colcon_core.shell:Skip shell extension 'powershell' for command environment: Not usable outside of PowerShell
[9.087s] DEBUG:colcon.colcon_core.shell:Skip shell extension 'dsv' for command environment
[22.801s] DEBUG:colcon.colcon_core.event_handler.log_command:Invoking command in '/home/johanito/Documents/ROS2forBeginners-ROS2Jazzy-2025/ros2_ws/src/my_py_pkg': DEBUGINFOD_URLS=https://debuginfod.ubuntu.com PYTHONPATH=/home/johanito/Documents/ROS2forBeginners-ROS2Jazzy-2025/ros2_ws/build/my_py_pkg/prefix_override:/usr/lib/python3/dist-packages/colcon_core/task/python/colcon_distutils_commands:/home/johanito/Documents/ROS2forBeginners-ROS2Jazzy-2025/ros2_ws/install/my_py_pkg/lib/python3.12/site-packages:${PYTHONPATH} /usr/bin/python3 -W ignore:setup.py install is deprecated -W ignore:easy_install command is deprecated setup.py egg_info --egg-base ../../build/my_py_pkg build --build-base /home/johanito/Documents/ROS2forBeginners-ROS2Jazzy-2025/ros2_ws/build/my_py_pkg/build install --record /home/johanito/Documents/ROS2forBeginners-ROS2Jazzy-2025/ros2_ws/build/my_py_pkg/install.log --single-version-externally-managed install_data
[25.839s] DEBUG:colcon.colcon_core.event_handler.log_command:Invoked command in '/home/johanito/Documents/ROS2forBeginners-ROS2Jazzy-2025/ros2_ws/src/my_py_pkg' returned '0': DEBUGINFOD_URLS=https://debuginfod.ubuntu.com PYTHONPATH=/home/johanito/Documents/ROS2forBeginners-ROS2Jazzy-2025/ros2_ws/build/my_py_pkg/prefix_override:/usr/lib/python3/dist-packages/colcon_core/task/python/colcon_distutils_commands:/home/johanito/Documents/ROS2forBeginners-ROS2Jazzy-2025/ros2_ws/install/my_py_pkg/lib/python3.12/site-packages:${PYTHONPATH} /usr/bin/python3 -W ignore:setup.py install is deprecated -W ignore:easy_install command is deprecated setup.py egg_info --egg-base ../../build/my_py_pkg build --build-base /home/johanito/Documents/ROS2forBeginners-ROS2Jazzy-2025/ros2_ws/build/my_py_pkg/build install --record /home/johanito/Documents/ROS2forBeginners-ROS2Jazzy-2025/ros2_ws/build/my_py_pkg/install.log --single-version-externally-managed install_data
[25.944s] Level 1:colcon.colcon_core.environment:checking '/home/johanito/Documents/ROS2forBeginners-ROS2Jazzy-2025/ros2_ws/install/my_py_pkg' for CMake module files
[25.949s] Level 1:colcon.colcon_core.environment:checking '/home/johanito/Documents/ROS2forBeginners-ROS2Jazzy-2025/ros2_ws/install/my_py_pkg' for CMake config files
[25.954s] Level 1:colcon.colcon_core.environment:checking '/home/johanito/Documents/ROS2forBeginners-ROS2Jazzy-2025/ros2_ws/install/my_py_pkg/lib'
[25.955s] Level 1:colcon.colcon_core.environment:checking '/home/johanito/Documents/ROS2forBeginners-ROS2Jazzy-2025/ros2_ws/install/my_py_pkg/bin'
[25.956s] Level 1:colcon.colcon_core.environment:checking '/home/johanito/Documents/ROS2forBeginners-ROS2Jazzy-2025/ros2_ws/install/my_py_pkg/lib/pkgconfig/my_py_pkg.pc'
[25.957s] Level 1:colcon.colcon_core.environment:checking '/home/johanito/Documents/ROS2forBeginners-ROS2Jazzy-2025/ros2_ws/install/my_py_pkg/lib/python3.12/site-packages'
[25.958s] Level 1:colcon.colcon_core.shell:create_environment_hook('my_py_pkg', 'pythonpath')
[25.959s] INFO:colcon.colcon_core.shell:Creating environment hook '/home/johanito/Documents/ROS2forBeginners-ROS2Jazzy-2025/ros2_ws/install/my_py_pkg/share/my_py_pkg/hook/pythonpath.ps1'
[25.961s] INFO:colcon.colcon_core.shell:Creating environment descriptor '/home/johanito/Documents/ROS2forBeginners-ROS2Jazzy-2025/ros2_ws/install/my_py_pkg/share/my_py_pkg/hook/pythonpath.dsv'
[25.963s] INFO:colcon.colcon_core.shell:Creating environment hook '/home/johanito/Documents/ROS2forBeginners-ROS2Jazzy-2025/ros2_ws/install/my_py_pkg/share/my_py_pkg/hook/pythonpath.sh'
[25.967s] Level 1:colcon.colcon_core.environment:checking '/home/johanito/Documents/ROS2forBeginners-ROS2Jazzy-2025/ros2_ws/install/my_py_pkg/bin'
[25.968s] Level 1:colcon.colcon_core.environment:create_environment_scripts_only(my_py_pkg)
[25.970s] INFO:colcon.colcon_core.shell:Creating package script '/home/johanito/Documents/ROS2forBeginners-ROS2Jazzy-2025/ros2_ws/install/my_py_pkg/share/my_py_pkg/package.ps1'
[25.985s] INFO:colcon.colcon_core.shell:Creating package descriptor '/home/johanito/Documents/ROS2forBeginners-ROS2Jazzy-2025/ros2_ws/install/my_py_pkg/share/my_py_pkg/package.dsv'
[25.993s] INFO:colcon.colcon_core.shell:Creating package script '/home/johanito/Documents/ROS2forBeginners-ROS2Jazzy-2025/ros2_ws/install/my_py_pkg/share/my_py_pkg/package.sh'
[25.996s] INFO:colcon.colcon_core.shell:Creating package script '/home/johanito/Documents/ROS2forBeginners-ROS2Jazzy-2025/ros2_ws/install/my_py_pkg/share/my_py_pkg/package.bash'
[26.010s] INFO:colcon.colcon_core.shell:Creating package script '/home/johanito/Documents/ROS2forBeginners-ROS2Jazzy-2025/ros2_ws/install/my_py_pkg/share/my_py_pkg/package.zsh'
[26.027s] Level 1:colcon.colcon_core.environment:create_file_with_runtime_dependencies(/home/johanito/Documents/ROS2forBeginners-ROS2Jazzy-2025/ros2_ws/install/my_py_pkg/share/colcon-core/packages/my_py_pkg)
[26.564s] DEBUG:colcon.colcon_core.event_handler.log_command:Invoked command in '/home/johanito/Documents/ROS2forBeginners-ROS2Jazzy-2025/ros2_ws/build/my_cpp_pkg' returned '0': CMAKE_PREFIX_PATH=${CMAKE_PREFIX_PATH}:/opt/ros/jazzy DEBUGINFOD_URLS=https://debuginfod.ubuntu.com /usr/bin/cmake /home/johanito/Documents/ROS2forBeginners-ROS2Jazzy-2025/ros2_ws/src/my_cpp_pkg -DCMAKE_INSTALL_PREFIX=/home/johanito/Documents/ROS2forBeginners-ROS2Jazzy-2025/ros2_ws/install/my_cpp_pkg
[26.572s] DEBUG:colcon.colcon_core.event_handler.log_command:Invoking command in '/home/johanito/Documents/ROS2forBeginners-ROS2Jazzy-2025/ros2_ws/build/my_cpp_pkg': CMAKE_PREFIX_PATH=${CMAKE_PREFIX_PATH}:/opt/ros/jazzy DEBUGINFOD_URLS=https://debuginfod.ubuntu.com /usr/bin/cmake --build /home/johanito/Documents/ROS2forBeginners-ROS2Jazzy-2025/ros2_ws/build/my_cpp_pkg -- -j4 -l4
[26.747s] DEBUG:colcon.colcon_core.event_handler.log_command:Invoked command in '/home/johanito/Documents/ROS2forBeginners-ROS2Jazzy-2025/ros2_ws/build/my_cpp_pkg' returned '0': CMAKE_PREFIX_PATH=${CMAKE_PREFIX_PATH}:/opt/ros/jazzy DEBUGINFOD_URLS=https://debuginfod.ubuntu.com /usr/bin/cmake --build /home/johanito/Documents/ROS2forBeginners-ROS2Jazzy-2025/ros2_ws/build/my_cpp_pkg -- -j4 -l4
[26.786s] DEBUG:colcon.colcon_core.event_handler.log_command:Invoking command in '/home/johanito/Documents/ROS2forBeginners-ROS2Jazzy-2025/ros2_ws/build/my_cpp_pkg': CMAKE_PREFIX_PATH=${CMAKE_PREFIX_PATH}:/opt/ros/jazzy DEBUGINFOD_URLS=https://debuginfod.ubuntu.com /usr/bin/cmake --install /home/johanito/Documents/ROS2forBeginners-ROS2Jazzy-2025/ros2_ws/build/my_cpp_pkg
[26.840s] Level 1:colcon.colcon_core.environment:create_environment_scripts_only(my_cpp_pkg)
[26.846s] Level 1:colcon.colcon_core.environment:checking '/home/johanito/Documents/ROS2forBeginners-ROS2Jazzy-2025/ros2_ws/install/my_cpp_pkg' for CMake module files
[26.853s] DEBUG:colcon.colcon_core.event_handler.log_command:Invoked command in '/home/johanito/Documents/ROS2forBeginners-ROS2Jazzy-2025/ros2_ws/build/my_cpp_pkg' returned '0': CMAKE_PREFIX_PATH=${CMAKE_PREFIX_PATH}:/opt/ros/jazzy DEBUGINFOD_URLS=https://debuginfod.ubuntu.com /usr/bin/cmake --install /home/johanito/Documents/ROS2forBeginners-ROS2Jazzy-2025/ros2_ws/build/my_cpp_pkg
[26.860s] Level 1:colcon.colcon_core.environment:checking '/home/johanito/Documents/ROS2forBeginners-ROS2Jazzy-2025/ros2_ws/install/my_cpp_pkg' for CMake config files
[26.863s] Level 1:colcon.colcon_core.shell:create_environment_hook('my_cpp_pkg', 'cmake_prefix_path')
[26.865s] INFO:colcon.colcon_core.shell:Creating environment hook '/home/johanito/Documents/ROS2forBeginners-ROS2Jazzy-2025/ros2_ws/install/my_cpp_pkg/share/my_cpp_pkg/hook/cmake_prefix_path.ps1'
[26.869s] INFO:colcon.colcon_core.shell:Creating environment descriptor '/home/johanito/Documents/ROS2forBeginners-ROS2Jazzy-2025/ros2_ws/install/my_cpp_pkg/share/my_cpp_pkg/hook/cmake_prefix_path.dsv'
[26.873s] INFO:colcon.colcon_core.shell:Creating environment hook '/home/johanito/Documents/ROS2forBeginners-ROS2Jazzy-2025/ros2_ws/install/my_cpp_pkg/share/my_cpp_pkg/hook/cmake_prefix_path.sh'
[26.878s] Level 1:colcon.colcon_core.environment:checking '/home/johanito/Documents/ROS2forBeginners-ROS2Jazzy-2025/ros2_ws/install/my_cpp_pkg/bin'
[26.878s] Level 1:colcon.colcon_core.environment:checking '/home/johanito/Documents/ROS2forBeginners-ROS2Jazzy-2025/ros2_ws/install/my_cpp_pkg/lib/pkgconfig/my_cpp_pkg.pc'
[26.880s] Level 1:colcon.colcon_core.environment:checking '/home/johanito/Documents/ROS2forBeginners-ROS2Jazzy-2025/ros2_ws/install/my_cpp_pkg/lib/python3.12/site-packages'
[26.883s] Level 1:colcon.colcon_core.environment:checking '/home/johanito/Documents/ROS2forBeginners-ROS2Jazzy-2025/ros2_ws/install/my_cpp_pkg/bin'
[26.884s] INFO:colcon.colcon_core.shell:Creating package script '/home/johanito/Documents/ROS2forBeginners-ROS2Jazzy-2025/ros2_ws/install/my_cpp_pkg/share/my_cpp_pkg/package.ps1'
[26.887s] INFO:colcon.colcon_core.shell:Creating package descriptor '/home/johanito/Documents/ROS2forBeginners-ROS2Jazzy-2025/ros2_ws/install/my_cpp_pkg/share/my_cpp_pkg/package.dsv'
[26.888s] INFO:colcon.colcon_core.shell:Creating package script '/home/johanito/Documents/ROS2forBeginners-ROS2Jazzy-2025/ros2_ws/install/my_cpp_pkg/share/my_cpp_pkg/package.sh'
[26.890s] INFO:colcon.colcon_core.shell:Creating package script '/home/johanito/Documents/ROS2forBeginners-ROS2Jazzy-2025/ros2_ws/install/my_cpp_pkg/share/my_cpp_pkg/package.bash'
[26.892s] INFO:colcon.colcon_core.shell:Creating package script '/home/johanito/Documents/ROS2forBeginners-ROS2Jazzy-2025/ros2_ws/install/my_cpp_pkg/share/my_cpp_pkg/package.zsh'
[26.893s] Level 1:colcon.colcon_core.environment:create_file_with_runtime_dependencies(/home/johanito/Documents/ROS2forBeginners-ROS2Jazzy-2025/ros2_ws/install/my_cpp_pkg/share/colcon-core/packages/my_cpp_pkg)
[26.896s] Level 1:colcon.colcon_core.environment:create_environment_scripts_only(my_cpp_pkg)
[26.897s] Level 1:colcon.colcon_core.environment:checking '/home/johanito/Documents/ROS2forBeginners-ROS2Jazzy-2025/ros2_ws/install/my_cpp_pkg' for CMake module files
[26.899s] Level 1:colcon.colcon_core.environment:checking '/home/johanito/Documents/ROS2forBeginners-ROS2Jazzy-2025/ros2_ws/install/my_cpp_pkg' for CMake config files
[26.901s] Level 1:colcon.colcon_core.shell:create_environment_hook('my_cpp_pkg', 'cmake_prefix_path')
[26.901s] INFO:colcon.colcon_core.shell:Creating environment hook '/home/johanito/Documents/ROS2forBeginners-ROS2Jazzy-2025/ros2_ws/install/my_cpp_pkg/share/my_cpp_pkg/hook/cmake_prefix_path.ps1'
[26.903s] INFO:colcon.colcon_core.shell:Creating environment descriptor '/home/johanito/Documents/ROS2forBeginners-ROS2Jazzy-2025/ros2_ws/install/my_cpp_pkg/share/my_cpp_pkg/hook/cmake_prefix_path.dsv'
[26.904s] INFO:colcon.colcon_core.shell:Creating environment hook '/home/johanito/Documents/ROS2forBeginners-ROS2Jazzy-2025/ros2_ws/install/my_cpp_pkg/share/my_cpp_pkg/hook/cmake_prefix_path.sh'
[26.907s] Level 1:colcon.colcon_core.environment:checking '/home/johanito/Documents/ROS2forBeginners-ROS2Jazzy-2025/ros2_ws/install/my_cpp_pkg/bin'
[26.907s] Level 1:colcon.colcon_core.environment:checking '/home/johanito/Documents/ROS2forBeginners-ROS2Jazzy-2025/ros2_ws/install/my_cpp_pkg/lib/pkgconfig/my_cpp_pkg.pc'
[26.908s] Level 1:colcon.colcon_core.environment:checking '/home/johanito/Documents/ROS2forBeginners-ROS2Jazzy-2025/ros2_ws/install/my_cpp_pkg/lib/python3.12/site-packages'
[26.909s] Level 1:colcon.colcon_core.environment:checking '/home/johanito/Documents/ROS2forBeginners-ROS2Jazzy-2025/ros2_ws/install/my_cpp_pkg/bin'
[26.910s] INFO:colcon.colcon_core.shell:Creating package script '/home/johanito/Documents/ROS2forBeginners-ROS2Jazzy-2025/ros2_ws/install/my_cpp_pkg/share/my_cpp_pkg/package.ps1'
[26.912s] INFO:colcon.colcon_core.shell:Creating package descriptor '/home/johanito/Documents/ROS2forBeginners-ROS2Jazzy-2025/ros2_ws/install/my_cpp_pkg/share/my_cpp_pkg/package.dsv'
[26.914s] INFO:colcon.colcon_core.shell:Creating package script '/home/johanito/Documents/ROS2forBeginners-ROS2Jazzy-2025/ros2_ws/install/my_cpp_pkg/share/my_cpp_pkg/package.sh'
[26.916s] INFO:colcon.colcon_core.shell:Creating package script '/home/johanito/Documents/ROS2forBeginners-ROS2Jazzy-2025/ros2_ws/install/my_cpp_pkg/share/my_cpp_pkg/package.bash'
[26.918s] INFO:colcon.colcon_core.shell:Creating package script '/home/johanito/Documents/ROS2forBeginners-ROS2Jazzy-2025/ros2_ws/install/my_cpp_pkg/share/my_cpp_pkg/package.zsh'
[26.920s] Level 1:colcon.colcon_core.environment:create_file_with_runtime_dependencies(/home/johanito/Documents/ROS2forBeginners-ROS2Jazzy-2025/ros2_ws/install/my_cpp_pkg/share/colcon-core/packages/my_cpp_pkg)
[26.921s] DEBUG:colcon.colcon_parallel_executor.executor.parallel:closing loop
[26.922s] DEBUG:colcon.colcon_parallel_executor.executor.parallel:loop closed
[26.922s] DEBUG:colcon.colcon_parallel_executor.executor.parallel:run_until_complete finished with '0'
[26.923s] DEBUG:colcon.colcon_core.event_reactor:joining thread
[27.125s] INFO:colcon.colcon_core.plugin_system:Skipping extension 'colcon_notification.desktop_notification.terminal_notifier': Not used on non-Darwin systems
[27.126s] INFO:colcon.colcon_core.plugin_system:Skipping extension 'colcon_notification.desktop_notification.win32': Not used on non-Windows systems
[27.127s] INFO:colcon.colcon_notification.desktop_notification:Sending desktop notification using 'notify2'
[27.259s] DEBUG:colcon.colcon_core.event_reactor:joined thread
[27.260s] INFO:colcon.colcon_core.shell:Creating prefix script '/home/johanito/Documents/ROS2forBeginners-ROS2Jazzy-2025/ros2_ws/install/local_setup.ps1'
[27.292s] INFO:colcon.colcon_core.shell:Creating prefix util module '/home/johanito/Documents/ROS2forBeginners-ROS2Jazzy-2025/ros2_ws/install/_local_setup_util_ps1.py'
[27.327s] INFO:colcon.colcon_core.shell:Creating prefix chain script '/home/johanito/Documents/ROS2forBeginners-ROS2Jazzy-2025/ros2_ws/install/setup.ps1'
[27.343s] INFO:colcon.colcon_core.shell:Creating prefix script '/home/johanito/Documents/ROS2forBeginners-ROS2Jazzy-2025/ros2_ws/install/local_setup.sh'
[27.363s] INFO:colcon.colcon_core.shell:Creating prefix util module '/home/johanito/Documents/ROS2forBeginners-ROS2Jazzy-2025/ros2_ws/install/_local_setup_util_sh.py'
[27.371s] INFO:colcon.colcon_core.shell:Creating prefix chain script '/home/johanito/Documents/ROS2forBeginners-ROS2Jazzy-2025/ros2_ws/install/setup.sh'
[27.385s] INFO:colcon.colcon_core.shell:Creating prefix script '/home/johanito/Documents/ROS2forBeginners-ROS2Jazzy-2025/ros2_ws/install/local_setup.bash'
[27.413s] INFO:colcon.colcon_core.shell:Creating prefix chain script '/home/johanito/Documents/ROS2forBeginners-ROS2Jazzy-2025/ros2_ws/install/setup.bash'
[27.425s] INFO:colcon.colcon_core.shell:Creating prefix script '/home/johanito/Documents/ROS2forBeginners-ROS2Jazzy-2025/ros2_ws/install/local_setup.zsh'
[27.440s] INFO:colcon.colcon_core.shell:Creating prefix chain script '/home/johanito/Documents/ROS2forBeginners-ROS2Jazzy-2025/ros2_ws/install/setup.zsh'
