[0.886s] DEBUG:colcon:Command line arguments: ['/usr/bin/colcon', 'build']
[0.886s] DEBUG:colcon:Parsed command line arguments: Namespace(log_base=None, log_level=None, verb_name='build', build_base='build', install_base='install', merge_install=False, symlink_install=False, test_result_base=None, continue_on_error=False, executor='parallel', parallel_workers=4, event_handlers=None, ignore_user_meta=False, metas=['./colcon.meta'], base_paths=['.'], packages_ignore=None, packages_ignore_regex=None, paths=None, packages_up_to=None, packages_up_to_regex=None, packages_above=None, packages_above_and_dependencies=None, packages_above_depth=None, packages_select_by_dep=None, packages_skip_by_dep=None, packages_skip_up_to=None, packages_select_build_failed=False, packages_skip_build_finished=False, packages_select_test_failures=False, packages_skip_test_passed=False, packages_select=None, packages_skip=None, packages_select_regex=None, packages_skip_regex=None, packages_start=None, packages_end=None, allow_overriding=[], cmake_args=None, cmake_target=None, cmake_target_skip_unavailable=False, cmake_clean_cache=False, cmake_clean_first=False, cmake_force_configure=False, ament_cmake_args=None, catkin_cmake_args=None, catkin_skip_building_tests=False, mixin_files=None, mixin=None, verb_parser=<colcon_mixin.mixin.mixin_argument.MixinArgumentDecorator object at 0x7291cd56f200>, verb_extension=<colcon_core.verb.build.BuildVerb object at 0x7291cd5196d0>, main=<bound method BuildVerb.main of <colcon_core.verb.build.BuildVerb object at 0x7291cd5196d0>>, mixin_verb=('build',))
[1.077s] Level 1:colcon.colcon_core.package_discovery:discover_packages(colcon_meta) check parameters
[1.077s] Level 1:colcon.colcon_core.package_discovery:discover_packages(recursive) check parameters
[1.077s] Level 1:colcon.colcon_core.package_discovery:discover_packages(ignore) check parameters
[1.077s] Level 1:colcon.colcon_core.package_discovery:discover_packages(path) check parameters
[1.077s] Level 1:colcon.colcon_core.package_discovery:discover_packages(colcon_meta) discover
[1.078s] Level 1:colcon.colcon_core.package_discovery:discover_packages(recursive) discover
[1.078s] INFO:colcon.colcon_core.package_discovery:Crawling recursively for packages in '/home/johanito/Documents/ROS2forBeginners-ROS2Jazzy-2025/ros2_ws'
[1.078s] Level 1:colcon.colcon_core.package_identification:_identify(.) by extensions ['ignore', 'ignore_ament_install']
[1.079s] Level 1:colcon.colcon_core.package_identification:_identify(.) by extension 'ignore'
[1.079s] Level 1:colcon.colcon_core.package_identification:_identify(.) by extension 'ignore_ament_install'
[1.079s] Level 1:colcon.colcon_core.package_identification:_identify(.) by extensions ['colcon_pkg']
[1.079s] Level 1:colcon.colcon_core.package_identification:_identify(.) by extension 'colcon_pkg'
[1.079s] Level 1:colcon.colcon_core.package_identification:_identify(.) by extensions ['colcon_meta']
[1.079s] Level 1:colcon.colcon_core.package_identification:_identify(.) by extension 'colcon_meta'
[1.080s] Level 1:colcon.colcon_core.package_identification:_identify(.) by extensions ['ros']
[1.080s] Level 1:colcon.colcon_core.package_identification:_identify(.) by extension 'ros'
[1.209s] Level 1:colcon.colcon_core.package_identification:_identify(.) by extensions ['cmake', 'python']
[1.210s] Level 1:colcon.colcon_core.package_identification:_identify(.) by extension 'cmake'
[1.210s] Level 1:colcon.colcon_core.package_identification:_identify(.) by extension 'python'
[1.210s] Level 1:colcon.colcon_core.package_identification:_identify(.) by extensions ['python_setup_py']
[1.210s] Level 1:colcon.colcon_core.package_identification:_identify(.) by extension 'python_setup_py'
[1.211s] Level 1:colcon.colcon_core.package_identification:_identify(build) by extensions ['ignore', 'ignore_ament_install']
[1.211s] Level 1:colcon.colcon_core.package_identification:_identify(build) by extension 'ignore'
[1.211s] Level 1:colcon.colcon_core.package_identification:_identify(build) ignored
[1.212s] Level 1:colcon.colcon_core.package_identification:_identify(install) by extensions ['ignore', 'ignore_ament_install']
[1.212s] Level 1:colcon.colcon_core.package_identification:_identify(install) by extension 'ignore'
[1.212s] Level 1:colcon.colcon_core.package_identification:_identify(install) ignored
[1.213s] Level 1:colcon.colcon_core.package_identification:_identify(log) by extensions ['ignore', 'ignore_ament_install']
[1.213s] Level 1:colcon.colcon_core.package_identification:_identify(log) by extension 'ignore'
[1.213s] Level 1:colcon.colcon_core.package_identification:_identify(log) ignored
[1.213s] Level 1:colcon.colcon_core.package_identification:_identify(src) by extensions ['ignore', 'ignore_ament_install']
[1.214s] Level 1:colcon.colcon_core.package_identification:_identify(src) by extension 'ignore'
[1.214s] Level 1:colcon.colcon_core.package_identification:_identify(src) by extension 'ignore_ament_install'
[1.215s] Level 1:colcon.colcon_core.package_identification:_identify(src) by extensions ['colcon_pkg']
[1.215s] Level 1:colcon.colcon_core.package_identification:_identify(src) by extension 'colcon_pkg'
[1.215s] Level 1:colcon.colcon_core.package_identification:_identify(src) by extensions ['colcon_meta']
[1.215s] Level 1:colcon.colcon_core.package_identification:_identify(src) by extension 'colcon_meta'
[1.215s] Level 1:colcon.colcon_core.package_identification:_identify(src) by extensions ['ros']
[1.216s] Level 1:colcon.colcon_core.package_identification:_identify(src) by extension 'ros'
[1.216s] Level 1:colcon.colcon_core.package_identification:_identify(src) by extensions ['cmake', 'python']
[1.216s] Level 1:colcon.colcon_core.package_identification:_identify(src) by extension 'cmake'
[1.216s] Level 1:colcon.colcon_core.package_identification:_identify(src) by extension 'python'
[1.217s] Level 1:colcon.colcon_core.package_identification:_identify(src) by extensions ['python_setup_py']
[1.217s] Level 1:colcon.colcon_core.package_identification:_identify(src) by extension 'python_setup_py'
[1.217s] Level 1:colcon.colcon_core.package_identification:_identify(src/my_py_pkg) by extensions ['ignore', 'ignore_ament_install']
[1.217s] Level 1:colcon.colcon_core.package_identification:_identify(src/my_py_pkg) by extension 'ignore'
[1.218s] Level 1:colcon.colcon_core.package_identification:_identify(src/my_py_pkg) by extension 'ignore_ament_install'
[1.218s] Level 1:colcon.colcon_core.package_identification:_identify(src/my_py_pkg) by extensions ['colcon_pkg']
[1.218s] Level 1:colcon.colcon_core.package_identification:_identify(src/my_py_pkg) by extension 'colcon_pkg'
[1.218s] Level 1:colcon.colcon_core.package_identification:_identify(src/my_py_pkg) by extensions ['colcon_meta']
[1.218s] Level 1:colcon.colcon_core.package_identification:_identify(src/my_py_pkg) by extension 'colcon_meta'
[1.219s] Level 1:colcon.colcon_core.package_identification:_identify(src/my_py_pkg) by extensions ['ros']
[1.219s] Level 1:colcon.colcon_core.package_identification:_identify(src/my_py_pkg) by extension 'ros'
[1.279s] DEBUG:colcon.colcon_core.package_identification:Package 'src/my_py_pkg' with type 'ros.ament_python' and name 'my_py_pkg'
[1.279s] Level 1:colcon.colcon_core.package_discovery:discover_packages(recursive) using defaults
[1.279s] Level 1:colcon.colcon_core.package_discovery:discover_packages(ignore) discover
[1.279s] Level 1:colcon.colcon_core.package_discovery:discover_packages(ignore) using defaults
[1.279s] Level 1:colcon.colcon_core.package_discovery:discover_packages(path) discover
[1.279s] Level 1:colcon.colcon_core.package_discovery:discover_packages(path) using defaults
[1.362s] Level 1:colcon.colcon_core.package_discovery:discover_packages(prefix_path) check parameters
[1.363s] Level 1:colcon.colcon_core.package_discovery:discover_packages(prefix_path) discover
[1.377s] DEBUG:colcon.colcon_installed_package_information.package_discovery:Found 0 installed packages in /home/johanito/Documents/ROS2forBeginners-ROS2Jazzy-2025/ros2_ws/install
[1.392s] DEBUG:colcon.colcon_installed_package_information.package_discovery:Found 444 installed packages in /opt/ros/jazzy
[1.399s] Level 1:colcon.colcon_core.package_discovery:discover_packages(prefix_path) using defaults
[1.749s] Level 5:colcon.colcon_core.verb:set package 'my_py_pkg' build argument 'cmake_args' from command line to 'None'
[1.750s] Level 5:colcon.colcon_core.verb:set package 'my_py_pkg' build argument 'cmake_target' from command line to 'None'
[1.750s] Level 5:colcon.colcon_core.verb:set package 'my_py_pkg' build argument 'cmake_target_skip_unavailable' from command line to 'False'
[1.750s] Level 5:colcon.colcon_core.verb:set package 'my_py_pkg' build argument 'cmake_clean_cache' from command line to 'False'
[1.750s] Level 5:colcon.colcon_core.verb:set package 'my_py_pkg' build argument 'cmake_clean_first' from command line to 'False'
[1.750s] Level 5:colcon.colcon_core.verb:set package 'my_py_pkg' build argument 'cmake_force_configure' from command line to 'False'
[1.750s] Level 5:colcon.colcon_core.verb:set package 'my_py_pkg' build argument 'ament_cmake_args' from command line to 'None'
[1.750s] Level 5:colcon.colcon_core.verb:set package 'my_py_pkg' build argument 'catkin_cmake_args' from command line to 'None'
[1.751s] Level 5:colcon.colcon_core.verb:set package 'my_py_pkg' build argument 'catkin_skip_building_tests' from command line to 'False'
[1.751s] DEBUG:colcon.colcon_core.verb:Building package 'my_py_pkg' with the following arguments: {'ament_cmake_args': None, 'build_base': '/home/johanito/Documents/ROS2forBeginners-ROS2Jazzy-2025/ros2_ws/build/my_py_pkg', 'catkin_cmake_args': None, 'catkin_skip_building_tests': False, 'cmake_args': None, 'cmake_clean_cache': False, 'cmake_clean_first': False, 'cmake_force_configure': False, 'cmake_target': None, 'cmake_target_skip_unavailable': False, 'install_base': '/home/johanito/Documents/ROS2forBeginners-ROS2Jazzy-2025/ros2_ws/install/my_py_pkg', 'merge_install': False, 'path': '/home/johanito/Documents/ROS2forBeginners-ROS2Jazzy-2025/ros2_ws/src/my_py_pkg', 'symlink_install': False, 'test_result_base': None}
[1.752s] INFO:colcon.colcon_core.executor:Executing jobs using 'parallel' executor
[1.755s] DEBUG:colcon.colcon_parallel_executor.executor.parallel:run_until_complete
[1.758s] INFO:colcon.colcon_ros.task.ament_python.build:Building ROS package in '/home/johanito/Documents/ROS2forBeginners-ROS2Jazzy-2025/ros2_ws/src/my_py_pkg' with build type 'ament_python'
[1.759s] Level 1:colcon.colcon_core.shell:create_environment_hook('my_py_pkg', 'ament_prefix_path')
[1.799s] INFO:colcon.colcon_core.plugin_system:Skipping extension 'colcon_core.shell.bat': Not used on non-Windows systems
[1.800s] INFO:colcon.colcon_core.shell:Creating environment hook '/home/johanito/Documents/ROS2forBeginners-ROS2Jazzy-2025/ros2_ws/install/my_py_pkg/share/my_py_pkg/hook/ament_prefix_path.ps1'
[1.814s] INFO:colcon.colcon_core.shell:Creating environment descriptor '/home/johanito/Documents/ROS2forBeginners-ROS2Jazzy-2025/ros2_ws/install/my_py_pkg/share/my_py_pkg/hook/ament_prefix_path.dsv'
[1.823s] INFO:colcon.colcon_core.shell:Creating environment hook '/home/johanito/Documents/ROS2forBeginners-ROS2Jazzy-2025/ros2_ws/install/my_py_pkg/share/my_py_pkg/hook/ament_prefix_path.sh'
[1.825s] INFO:colcon.colcon_core.shell:Skip shell extension 'powershell' for command environment: Not usable outside of PowerShell
[1.826s] DEBUG:colcon.colcon_core.shell:Skip shell extension 'dsv' for command environment
[3.025s] INFO:colcon.colcon_core.task.python.build:Building Python package in '/home/johanito/Documents/ROS2forBeginners-ROS2Jazzy-2025/ros2_ws/src/my_py_pkg'
[3.026s] INFO:colcon.colcon_core.shell:Skip shell extension 'powershell' for command environment: Not usable outside of PowerShell
[3.026s] DEBUG:colcon.colcon_core.shell:Skip shell extension 'dsv' for command environment
[14.485s] DEBUG:colcon.colcon_core.event_handler.log_command:Invoking command in '/home/johanito/Documents/ROS2forBeginners-ROS2Jazzy-2025/ros2_ws/src/my_py_pkg': DEBUGINFOD_URLS=https://debuginfod.ubuntu.com PYTHONPATH=/home/johanito/Documents/ROS2forBeginners-ROS2Jazzy-2025/ros2_ws/build/my_py_pkg/prefix_override:/usr/lib/python3/dist-packages/colcon_core/task/python/colcon_distutils_commands:/home/johanito/Documents/ROS2forBeginners-ROS2Jazzy-2025/ros2_ws/install/my_py_pkg/lib/python3.12/site-packages:${PYTHONPATH} /usr/bin/python3 -W ignore:setup.py install is deprecated -W ignore:easy_install command is deprecated setup.py egg_info --egg-base ../../build/my_py_pkg build --build-base /home/johanito/Documents/ROS2forBeginners-ROS2Jazzy-2025/ros2_ws/build/my_py_pkg/build install --record /home/johanito/Documents/ROS2forBeginners-ROS2Jazzy-2025/ros2_ws/build/my_py_pkg/install.log --single-version-externally-managed install_data
[17.509s] DEBUG:colcon.colcon_core.event_handler.log_command:Invoked command in '/home/johanito/Documents/ROS2forBeginners-ROS2Jazzy-2025/ros2_ws/src/my_py_pkg' returned '0': DEBUGINFOD_URLS=https://debuginfod.ubuntu.com PYTHONPATH=/home/johanito/Documents/ROS2forBeginners-ROS2Jazzy-2025/ros2_ws/build/my_py_pkg/prefix_override:/usr/lib/python3/dist-packages/colcon_core/task/python/colcon_distutils_commands:/home/johanito/Documents/ROS2forBeginners-ROS2Jazzy-2025/ros2_ws/install/my_py_pkg/lib/python3.12/site-packages:${PYTHONPATH} /usr/bin/python3 -W ignore:setup.py install is deprecated -W ignore:easy_install command is deprecated setup.py egg_info --egg-base ../../build/my_py_pkg build --build-base /home/johanito/Documents/ROS2forBeginners-ROS2Jazzy-2025/ros2_ws/build/my_py_pkg/build install --record /home/johanito/Documents/ROS2forBeginners-ROS2Jazzy-2025/ros2_ws/build/my_py_pkg/install.log --single-version-externally-managed install_data
[17.613s] Level 1:colcon.colcon_core.environment:checking '/home/johanito/Documents/ROS2forBeginners-ROS2Jazzy-2025/ros2_ws/install/my_py_pkg' for CMake module files
[17.616s] Level 1:colcon.colcon_core.environment:checking '/home/johanito/Documents/ROS2forBeginners-ROS2Jazzy-2025/ros2_ws/install/my_py_pkg' for CMake config files
[17.618s] Level 1:colcon.colcon_core.environment:checking '/home/johanito/Documents/ROS2forBeginners-ROS2Jazzy-2025/ros2_ws/install/my_py_pkg/lib'
[17.619s] Level 1:colcon.colcon_core.environment:checking '/home/johanito/Documents/ROS2forBeginners-ROS2Jazzy-2025/ros2_ws/install/my_py_pkg/bin'
[17.620s] Level 1:colcon.colcon_core.environment:checking '/home/johanito/Documents/ROS2forBeginners-ROS2Jazzy-2025/ros2_ws/install/my_py_pkg/lib/pkgconfig/my_py_pkg.pc'
[17.621s] Level 1:colcon.colcon_core.environment:checking '/home/johanito/Documents/ROS2forBeginners-ROS2Jazzy-2025/ros2_ws/install/my_py_pkg/lib/python3.12/site-packages'
[17.622s] Level 1:colcon.colcon_core.shell:create_environment_hook('my_py_pkg', 'pythonpath')
[17.622s] INFO:colcon.colcon_core.shell:Creating environment hook '/home/johanito/Documents/ROS2forBeginners-ROS2Jazzy-2025/ros2_ws/install/my_py_pkg/share/my_py_pkg/hook/pythonpath.ps1'
[17.624s] INFO:colcon.colcon_core.shell:Creating environment descriptor '/home/johanito/Documents/ROS2forBeginners-ROS2Jazzy-2025/ros2_ws/install/my_py_pkg/share/my_py_pkg/hook/pythonpath.dsv'
[17.626s] INFO:colcon.colcon_core.shell:Creating environment hook '/home/johanito/Documents/ROS2forBeginners-ROS2Jazzy-2025/ros2_ws/install/my_py_pkg/share/my_py_pkg/hook/pythonpath.sh'
[17.629s] Level 1:colcon.colcon_core.environment:checking '/home/johanito/Documents/ROS2forBeginners-ROS2Jazzy-2025/ros2_ws/install/my_py_pkg/bin'
[17.629s] Level 1:colcon.colcon_core.environment:create_environment_scripts_only(my_py_pkg)
[17.630s] INFO:colcon.colcon_core.shell:Creating package script '/home/johanito/Documents/ROS2forBeginners-ROS2Jazzy-2025/ros2_ws/install/my_py_pkg/share/my_py_pkg/package.ps1'
[17.639s] INFO:colcon.colcon_core.shell:Creating package descriptor '/home/johanito/Documents/ROS2forBeginners-ROS2Jazzy-2025/ros2_ws/install/my_py_pkg/share/my_py_pkg/package.dsv'
[17.642s] INFO:colcon.colcon_core.shell:Creating package script '/home/johanito/Documents/ROS2forBeginners-ROS2Jazzy-2025/ros2_ws/install/my_py_pkg/share/my_py_pkg/package.sh'
[17.648s] INFO:colcon.colcon_core.shell:Creating package script '/home/johanito/Documents/ROS2forBeginners-ROS2Jazzy-2025/ros2_ws/install/my_py_pkg/share/my_py_pkg/package.bash'
[17.664s] INFO:colcon.colcon_core.shell:Creating package script '/home/johanito/Documents/ROS2forBeginners-ROS2Jazzy-2025/ros2_ws/install/my_py_pkg/share/my_py_pkg/package.zsh'
[17.680s] Level 1:colcon.colcon_core.environment:create_file_with_runtime_dependencies(/home/johanito/Documents/ROS2forBeginners-ROS2Jazzy-2025/ros2_ws/install/my_py_pkg/share/colcon-core/packages/my_py_pkg)
[17.682s] DEBUG:colcon.colcon_parallel_executor.executor.parallel:closing loop
[17.683s] DEBUG:colcon.colcon_parallel_executor.executor.parallel:loop closed
[17.685s] DEBUG:colcon.colcon_parallel_executor.executor.parallel:run_until_complete finished with '0'
[17.685s] DEBUG:colcon.colcon_core.event_reactor:joining thread
[17.743s] INFO:colcon.colcon_core.plugin_system:Skipping extension 'colcon_notification.desktop_notification.terminal_notifier': Not used on non-Darwin systems
[17.743s] INFO:colcon.colcon_core.plugin_system:Skipping extension 'colcon_notification.desktop_notification.win32': Not used on non-Windows systems
[17.743s] INFO:colcon.colcon_notification.desktop_notification:Sending desktop notification using 'notify2'
[17.853s] DEBUG:colcon.colcon_core.event_reactor:joined thread
[17.854s] INFO:colcon.colcon_core.shell:Creating prefix script '/home/johanito/Documents/ROS2forBeginners-ROS2Jazzy-2025/ros2_ws/install/local_setup.ps1'
[17.859s] INFO:colcon.colcon_core.shell:Creating prefix util module '/home/johanito/Documents/ROS2forBeginners-ROS2Jazzy-2025/ros2_ws/install/_local_setup_util_ps1.py'
[17.867s] INFO:colcon.colcon_core.shell:Creating prefix chain script '/home/johanito/Documents/ROS2forBeginners-ROS2Jazzy-2025/ros2_ws/install/setup.ps1'
[17.872s] INFO:colcon.colcon_core.shell:Creating prefix script '/home/johanito/Documents/ROS2forBeginners-ROS2Jazzy-2025/ros2_ws/install/local_setup.sh'
[17.874s] INFO:colcon.colcon_core.shell:Creating prefix util module '/home/johanito/Documents/ROS2forBeginners-ROS2Jazzy-2025/ros2_ws/install/_local_setup_util_sh.py'
[17.877s] INFO:colcon.colcon_core.shell:Creating prefix chain script '/home/johanito/Documents/ROS2forBeginners-ROS2Jazzy-2025/ros2_ws/install/setup.sh'
[17.881s] INFO:colcon.colcon_core.shell:Creating prefix script '/home/johanito/Documents/ROS2forBeginners-ROS2Jazzy-2025/ros2_ws/install/local_setup.bash'
[17.884s] INFO:colcon.colcon_core.shell:Creating prefix chain script '/home/johanito/Documents/ROS2forBeginners-ROS2Jazzy-2025/ros2_ws/install/setup.bash'
[17.888s] INFO:colcon.colcon_core.shell:Creating prefix script '/home/johanito/Documents/ROS2forBeginners-ROS2Jazzy-2025/ros2_ws/install/local_setup.zsh'
[17.890s] INFO:colcon.colcon_core.shell:Creating prefix chain script '/home/johanito/Documents/ROS2forBeginners-ROS2Jazzy-2025/ros2_ws/install/setup.zsh'
