[0.180s] Invoking command in '/home/johanito/Documents/ROS2forBeginners-ROS2Jazzy-2025/ros2_ws/build/my_cpp_pkg': CMAKE_PREFIX_PATH=${CMAKE_PREFIX_PATH}:/opt/ros/jazzy DEBUGINFOD_URLS=https://debuginfod.ubuntu.com /usr/bin/cmake /home/johanito/Documents/ROS2forBeginners-ROS2Jazzy-2025/ros2_ws/src/my_cpp_pkg -DCMAKE_INSTALL_PREFIX=/home/johanito/Documents/ROS2forBeginners-ROS2Jazzy-2025/ros2_ws/install/my_cpp_pkg
[4.431s] -- The C compiler identification is GNU 13.3.0
[7.923s] -- The CXX compiler identification is GNU 13.3.0
[8.526s] -- Detecting C compiler ABI info
[9.613s] -- Detecting C compiler ABI info - done
[9.685s] -- Check for working C compiler: /usr/bin/cc - skipped
[9.707s] -- Detecting C compile features
[9.743s] -- Detecting C compile features - done
[9.862s] -- Detecting CXX compiler ABI info
[10.438s] -- Detecting CXX compiler ABI info - done
[10.506s] -- Check for working CXX compiler: /usr/bin/c++ - skipped
[10.507s] -- Detecting CXX compile features
[10.510s] -- Detecting CXX compile features - done
[10.814s] -- Found ament_cmake: 2.5.4 (/opt/ros/jazzy/share/ament_cmake/cmake)
[11.985s] -- Found Python3: /usr/bin/python3 (found version "3.12.3") found components: Interpreter 
[13.628s] -- Found rclcpp: 28.1.12 (/opt/ros/jazzy/share/rclcpp/cmake)
[14.249s] -- Found rosidl_generator_c: 4.6.6 (/opt/ros/jazzy/share/rosidl_generator_c/cmake)
[14.452s] -- Found rosidl_generator_cpp: 4.6.6 (/opt/ros/jazzy/share/rosidl_generator_cpp/cmake)
[14.821s] -- Using all available rosidl_typesupport_c: rosidl_typesupport_fastrtps_c;rosidl_typesupport_introspection_c
[15.141s] -- Using all available rosidl_typesupport_cpp: rosidl_typesupport_fastrtps_cpp;rosidl_typesupport_introspection_cpp
[15.797s] -- Found rmw_implementation_cmake: 7.3.2 (/opt/ros/jazzy/share/rmw_implementation_cmake/cmake)
[15.824s] -- Found rmw_fastrtps_cpp: 8.4.3 (/opt/ros/jazzy/share/rmw_fastrtps_cpp/cmake)
[16.562s] -- Found OpenSSL: /usr/lib/x86_64-linux-gnu/libcrypto.so (found version "3.0.13")  
[16.720s] -- Found FastRTPS: /opt/ros/jazzy/include (Required is at least version "2.13") 
[16.841s] -- Using RMW implementation 'rmw_fastrtps_cpp' as default
[17.507s] -- Found ament_lint_auto: 0.17.3 (/opt/ros/jazzy/share/ament_lint_auto/cmake)
[18.705s] -- Added test 'lint_cmake' to check CMake code style
[18.761s] -- Added test 'xmllint' to check XML markup files
[18.818s] -- Configuring done (18.0s)
[18.868s] -- Generating done (0.0s)
[18.907s] -- Build files have been written to: /home/johanito/Documents/ROS2forBeginners-ROS2Jazzy-2025/ros2_ws/build/my_cpp_pkg
[18.959s] Invoked command in '/home/johanito/Documents/ROS2forBeginners-ROS2Jazzy-2025/ros2_ws/build/my_cpp_pkg' returned '0': CMAKE_PREFIX_PATH=${CMAKE_PREFIX_PATH}:/opt/ros/jazzy DEBUGINFOD_URLS=https://debuginfod.ubuntu.com /usr/bin/cmake /home/johanito/Documents/ROS2forBeginners-ROS2Jazzy-2025/ros2_ws/src/my_cpp_pkg -DCMAKE_INSTALL_PREFIX=/home/johanito/Documents/ROS2forBeginners-ROS2Jazzy-2025/ros2_ws/install/my_cpp_pkg
[18.966s] Invoking command in '/home/johanito/Documents/ROS2forBeginners-ROS2Jazzy-2025/ros2_ws/build/my_cpp_pkg': CMAKE_PREFIX_PATH=${CMAKE_PREFIX_PATH}:/opt/ros/jazzy DEBUGINFOD_URLS=https://debuginfod.ubuntu.com /usr/bin/cmake --build /home/johanito/Documents/ROS2forBeginners-ROS2Jazzy-2025/ros2_ws/build/my_cpp_pkg -- -j4 -l4
[19.142s] Invoked command in '/home/johanito/Documents/ROS2forBeginners-ROS2Jazzy-2025/ros2_ws/build/my_cpp_pkg' returned '0': CMAKE_PREFIX_PATH=${CMAKE_PREFIX_PATH}:/opt/ros/jazzy DEBUGINFOD_URLS=https://debuginfod.ubuntu.com /usr/bin/cmake --build /home/johanito/Documents/ROS2forBeginners-ROS2Jazzy-2025/ros2_ws/build/my_cpp_pkg -- -j4 -l4
[19.181s] Invoking command in '/home/johanito/Documents/ROS2forBeginners-ROS2Jazzy-2025/ros2_ws/build/my_cpp_pkg': CMAKE_PREFIX_PATH=${CMAKE_PREFIX_PATH}:/opt/ros/jazzy DEBUGINFOD_URLS=https://debuginfod.ubuntu.com /usr/bin/cmake --install /home/johanito/Documents/ROS2forBeginners-ROS2Jazzy-2025/ros2_ws/build/my_cpp_pkg
[19.214s] -- Install configuration: ""
[19.217s] -- Installing: /home/johanito/Documents/ROS2forBeginners-ROS2Jazzy-2025/ros2_ws/install/my_cpp_pkg/share/ament_index/resource_index/package_run_dependencies/my_cpp_pkg
[19.219s] -- Installing: /home/johanito/Documents/ROS2forBeginners-ROS2Jazzy-2025/ros2_ws/install/my_cpp_pkg/share/ament_index/resource_index/parent_prefix_path/my_cpp_pkg
[19.222s] -- Installing: /home/johanito/Documents/ROS2forBeginners-ROS2Jazzy-2025/ros2_ws/install/my_cpp_pkg/share/my_cpp_pkg/environment/ament_prefix_path.sh
[19.224s] -- Installing: /home/johanito/Documents/ROS2forBeginners-ROS2Jazzy-2025/ros2_ws/install/my_cpp_pkg/share/my_cpp_pkg/environment/ament_prefix_path.dsv
[19.228s] -- Installing: /home/johanito/Documents/ROS2forBeginners-ROS2Jazzy-2025/ros2_ws/install/my_cpp_pkg/share/my_cpp_pkg/environment/path.sh
[19.233s] -- Installing: /home/johanito/Documents/ROS2forBeginners-ROS2Jazzy-2025/ros2_ws/install/my_cpp_pkg/share/my_cpp_pkg/environment/path.dsv
[19.234s] -- Installing: /home/johanito/Documents/ROS2forBeginners-ROS2Jazzy-2025/ros2_ws/install/my_cpp_pkg/share/my_cpp_pkg/local_setup.bash
[19.235s] -- Installing: /home/johanito/Documents/ROS2forBeginners-ROS2Jazzy-2025/ros2_ws/install/my_cpp_pkg/share/my_cpp_pkg/local_setup.sh
[19.236s] -- Installing: /home/johanito/Documents/ROS2forBeginners-ROS2Jazzy-2025/ros2_ws/install/my_cpp_pkg/share/my_cpp_pkg/local_setup.zsh
[19.236s] -- Installing: /home/johanito/Documents/ROS2forBeginners-ROS2Jazzy-2025/ros2_ws/install/my_cpp_pkg/share/my_cpp_pkg/local_setup.dsv
[19.237s] -- Installing: /home/johanito/Documents/ROS2forBeginners-ROS2Jazzy-2025/ros2_ws/install/my_cpp_pkg/share/my_cpp_pkg/package.dsv
[19.238s] -- Installing: /home/johanito/Documents/ROS2forBeginners-ROS2Jazzy-2025/ros2_ws/install/my_cpp_pkg/share/ament_index/resource_index/packages/my_cpp_pkg
[19.238s] -- Installing: /home/johanito/Documents/ROS2forBeginners-ROS2Jazzy-2025/ros2_ws/install/my_cpp_pkg/share/my_cpp_pkg/cmake/my_cpp_pkgConfig.cmake
[19.239s] -- Installing: /home/johanito/Documents/ROS2forBeginners-ROS2Jazzy-2025/ros2_ws/install/my_cpp_pkg/share/my_cpp_pkg/cmake/my_cpp_pkgConfig-version.cmake
[19.247s] -- Installing: /home/johanito/Documents/ROS2forBeginners-ROS2Jazzy-2025/ros2_ws/install/my_cpp_pkg/share/my_cpp_pkg/package.xml
[19.248s] Invoked command in '/home/johanito/Documents/ROS2forBeginners-ROS2Jazzy-2025/ros2_ws/build/my_cpp_pkg' returned '0': CMAKE_PREFIX_PATH=${CMAKE_PREFIX_PATH}:/opt/ros/jazzy DEBUGINFOD_URLS=https://debuginfod.ubuntu.com /usr/bin/cmake --install /home/johanito/Documents/ROS2forBeginners-ROS2Jazzy-2025/ros2_ws/build/my_cpp_pkg
