[12.722s] Invoking command in '/home/johanito/Documents/ROS2forBeginners-ROS2Jazzy-2025/ros2_ws/src/my_py_pkg': DEBUGINFOD_URLS=https://debuginfod.ubuntu.com PYTHONPATH=/home/johanito/Documents/ROS2forBeginners-ROS2Jazzy-2025/ros2_ws/build/my_py_pkg/prefix_override:/usr/lib/python3/dist-packages/colcon_core/task/python/colcon_distutils_commands:/home/johanito/Documents/ROS2forBeginners-ROS2Jazzy-2025/ros2_ws/install/my_py_pkg/lib/python3.12/site-packages:${PYTHONPATH} /usr/bin/python3 -W ignore:setup.py install is deprecated -W ignore:easy_install command is deprecated setup.py egg_info --egg-base ../../build/my_py_pkg build --build-base /home/johanito/Documents/ROS2forBeginners-ROS2Jazzy-2025/ros2_ws/build/my_py_pkg/build install --record /home/johanito/Documents/ROS2forBeginners-ROS2Jazzy-2025/ros2_ws/build/my_py_pkg/install.log --single-version-externally-managed install_data
[14.215s] running egg_info
[14.218s] creating ../../build/my_py_pkg/my_py_pkg.egg-info
[14.383s] writing ../../build/my_py_pkg/my_py_pkg.egg-info/PKG-INFO
[14.387s] writing dependency_links to ../../build/my_py_pkg/my_py_pkg.egg-info/dependency_links.txt
[14.387s] writing requirements to ../../build/my_py_pkg/my_py_pkg.egg-info/requires.txt
[14.388s] writing top-level names to ../../build/my_py_pkg/my_py_pkg.egg-info/top_level.txt
[14.389s] writing manifest file '../../build/my_py_pkg/my_py_pkg.egg-info/SOURCES.txt'
[14.627s] reading manifest file '../../build/my_py_pkg/my_py_pkg.egg-info/SOURCES.txt'
[14.629s] writing manifest file '../../build/my_py_pkg/my_py_pkg.egg-info/SOURCES.txt'
[14.632s] running build
[14.633s] running build_py
[14.636s] creating /home/johanito/Documents/ROS2forBeginners-ROS2Jazzy-2025/ros2_ws/build/my_py_pkg/build
[14.637s] creating /home/johanito/Documents/ROS2forBeginners-ROS2Jazzy-2025/ros2_ws/build/my_py_pkg/build/lib
[14.638s] creating /home/johanito/Documents/ROS2forBeginners-ROS2Jazzy-2025/ros2_ws/build/my_py_pkg/build/lib/my_py_pkg
[14.640s] copying my_py_pkg/__init__.py -> /home/johanito/Documents/ROS2forBeginners-ROS2Jazzy-2025/ros2_ws/build/my_py_pkg/build/lib/my_py_pkg
[14.641s] running install
[14.668s] running install_lib
[14.784s] creating /home/johanito/Documents/ROS2forBeginners-ROS2Jazzy-2025/ros2_ws/install/my_py_pkg/lib/python3.12/site-packages/my_py_pkg
[14.787s] copying /home/johanito/Documents/ROS2forBeginners-ROS2Jazzy-2025/ros2_ws/build/my_py_pkg/build/lib/my_py_pkg/__init__.py -> /home/johanito/Documents/ROS2forBeginners-ROS2Jazzy-2025/ros2_ws/install/my_py_pkg/lib/python3.12/site-packages/my_py_pkg
[14.789s] byte-compiling /home/johanito/Documents/ROS2forBeginners-ROS2Jazzy-2025/ros2_ws/install/my_py_pkg/lib/python3.12/site-packages/my_py_pkg/__init__.py to __init__.cpython-312.pyc
[14.791s] running install_data
[14.793s] creating /home/johanito/Documents/ROS2forBeginners-ROS2Jazzy-2025/ros2_ws/install/my_py_pkg/share/ament_index
[14.794s] creating /home/johanito/Documents/ROS2forBeginners-ROS2Jazzy-2025/ros2_ws/install/my_py_pkg/share/ament_index/resource_index
[14.795s] creating /home/johanito/Documents/ROS2forBeginners-ROS2Jazzy-2025/ros2_ws/install/my_py_pkg/share/ament_index/resource_index/packages
[14.796s] copying resource/my_py_pkg -> /home/johanito/Documents/ROS2forBeginners-ROS2Jazzy-2025/ros2_ws/install/my_py_pkg/share/ament_index/resource_index/packages
[14.798s] copying package.xml -> /home/johanito/Documents/ROS2forBeginners-ROS2Jazzy-2025/ros2_ws/install/my_py_pkg/share/my_py_pkg
[14.799s] running install_egg_info
[14.907s] Copying ../../build/my_py_pkg/my_py_pkg.egg-info to /home/johanito/Documents/ROS2forBeginners-ROS2Jazzy-2025/ros2_ws/install/my_py_pkg/lib/python3.12/site-packages/my_py_pkg-0.0.0-py3.12.egg-info
[14.912s] running install_scripts
[15.617s] writing list of installed files to '/home/johanito/Documents/ROS2forBeginners-ROS2Jazzy-2025/ros2_ws/build/my_py_pkg/install.log'
[15.746s] Invoked command in '/home/johanito/Documents/ROS2forBeginners-ROS2Jazzy-2025/ros2_ws/src/my_py_pkg' returned '0': DEBUGINFOD_URLS=https://debuginfod.ubuntu.com PYTHONPATH=/home/johanito/Documents/ROS2forBeginners-ROS2Jazzy-2025/ros2_ws/build/my_py_pkg/prefix_override:/usr/lib/python3/dist-packages/colcon_core/task/python/colcon_distutils_commands:/home/johanito/Documents/ROS2forBeginners-ROS2Jazzy-2025/ros2_ws/install/my_py_pkg/lib/python3.12/site-packages:${PYTHONPATH} /usr/bin/python3 -W ignore:setup.py install is deprecated -W ignore:easy_install command is deprecated setup.py egg_info --egg-base ../../build/my_py_pkg build --build-base /home/johanito/Documents/ROS2forBeginners-ROS2Jazzy-2025/ros2_ws/build/my_py_pkg/build install --record /home/johanito/Documents/ROS2forBeginners-ROS2Jazzy-2025/ros2_ws/build/my_py_pkg/install.log --single-version-externally-managed install_data
